<?xml version="1.0" encoding="UTF-8"?>
<testng-results skipped="0" failed="0" ignored="0" total="1" passed="1">
  <reporter-output>
  </reporter-output>
  <suite name="Default suite" duration-ms="22447" started-at="2020-03-29T16:19:20Z" finished-at="2020-03-29T16:19:42Z">
    <groups>
    </groups>
    <test name="Default test" duration-ms="22447" started-at="2020-03-29T16:19:20Z" finished-at="2020-03-29T16:19:42Z">
      <class name="com.qa.TestClasses.LoginTest">
        <test-method status="PASS" signature="setup()[pri:0, instance:com.qa.TestClasses.LoginTest@2b2948e2]" name="setup" is-config="true" duration-ms="10113" started-at="2020-03-29T16:19:20Z" finished-at="2020-03-29T16:19:30Z">
          <reporter-output>
          </reporter-output>
        </test-method> <!-- setup -->
        <test-method status="PASS" signature="YourLogoLogin()[pri:0, instance:com.qa.TestClasses.LoginTest@2b2948e2]" name="YourLogoLogin" duration-ms="10189" started-at="2020-03-29T16:19:30Z" finished-at="2020-03-29T16:19:40Z">
          <reporter-output>
          </reporter-output>
        </test-method> <!-- YourLogoLogin -->
        <test-method status="PASS" signature="teardown()[pri:0, instance:com.qa.TestClasses.LoginTest@2b2948e2]" name="teardown" is-config="true" duration-ms="2126" started-at="2020-03-29T16:19:40Z" finished-at="2020-03-29T16:19:42Z">
          <reporter-output>
          </reporter-output>
        </test-method> <!-- teardown -->
      </class> <!-- com.qa.TestClasses.LoginTest -->
    </test> <!-- Default test -->
  </suite> <!-- Default suite -->
</testng-results>
